Using pre-set license
Built from '2021.3/staging' branch; Version is '2021.3.3f1 (af2e63e8f9bd) revision 11480675'; Using compiler version '192829333'; Build Type 'Release'
OS: 'Windows 10  (10.0.19044) 64bit Core' Language: 'de' Physical Memory: 32705 MB
BatchMode: 1, IsHumanControllingUs: 0, StartBugReporterOnCrash: 0, Is64bit: 1, IsPro: 1

COMMAND LINE ARGUMENTS:
D:\Unity\2021.3.3f1\Editor\Unity.exe
-adb2
-batchMode
-noUpm
-name
AssetImportWorker0
-projectPath
H:/Studium Faecher Datein/5 Semester/VR/Virtuelle-und-Erweiterte-Realitaet/SnakeVR
-logFile
Logs/AssetImportWorker0.log
-srvPort
51521
Successfully changed project path to: H:/Studium Faecher Datein/5 Semester/VR/Virtuelle-und-Erweiterte-Realitaet/SnakeVR
H:/Studium Faecher Datein/5 Semester/VR/Virtuelle-und-Erweiterte-Realitaet/SnakeVR
[UnityMemory] Configuration Parameters - Can be set up in boot.config
    "memorysetup-bucket-allocator-granularity=16"
    "memorysetup-bucket-allocator-bucket-count=8"
    "memorysetup-bucket-allocator-block-size=33554432"
    "memorysetup-bucket-allocator-block-count=8"
    "memorysetup-main-allocator-block-size=16777216"
    "memorysetup-thread-allocator-block-size=16777216"
    "memorysetup-gfx-main-allocator-block-size=16777216"
    "memorysetup-gfx-thread-allocator-block-size=16777216"
    "memorysetup-cache-allocator-block-size=4194304"
    "memorysetup-typetree-allocator-block-size=2097152"
    "memorysetup-profiler-bucket-allocator-granularity=16"
    "memorysetup-profiler-bucket-allocator-bucket-count=8"
    "memorysetup-profiler-bucket-allocator-block-size=33554432"
    "memorysetup-profiler-bucket-allocator-block-count=8"
    "memorysetup-profiler-allocator-block-size=16777216"
    "memorysetup-profiler-editor-allocator-block-size=1048576"
    "memorysetup-temp-allocator-size-main=16777216"
    "memorysetup-job-temp-allocator-block-size=2097152"
    "memorysetup-job-temp-allocator-block-size-background=1048576"
    "memorysetup-job-temp-allocator-reduction-small-platforms=262144"
    "memorysetup-temp-allocator-size-background-worker=32768"
    "memorysetup-temp-allocator-size-job-worker=262144"
    "memorysetup-temp-allocator-size-preload-manager=33554432"
    "memorysetup-temp-allocator-size-nav-mesh-worker=65536"
    "memorysetup-temp-allocator-size-audio-worker=65536"
    "memorysetup-temp-allocator-size-cloud-worker=32768"
    "memorysetup-temp-allocator-size-gi-baking-worker=262144"
    "memorysetup-temp-allocator-size-gfx=262144"
Refreshing native plugins compatible for Editor in 91.67 ms, found 8 plugins.
Preloading 0 native plugins for Editor in 0.00 ms.
Initialize engine version: 2021.3.3f1 (af2e63e8f9bd)
[Subsystems] Discovering subsystems at path D:/Unity/2021.3.3f1/Editor/Data/Resources/UnitySubsystems
[Subsystems] Discovering subsystems at path H:/Studium Faecher Datein/5 Semester/VR/Virtuelle-und-Erweiterte-Realitaet/SnakeVR/Assets
GfxDevice: creating device client; threaded=0; jobified=0
Direct3D:
    Version:  Direct3D 11.0 [level 11.1]
    Renderer: NVIDIA GeForce GTX 1080 (ID=0x1b80)
    Vendor:   NVIDIA
    VRAM:     8079 MB
    Driver:   31.0.15.1694
Initialize mono
Mono path[0] = 'D:/Unity/2021.3.3f1/Editor/Data/Managed'
Mono path[1] = 'D:/Unity/2021.3.3f1/Editor/Data/MonoBleedingEdge/lib/mono/unityjit-win32'
Mono config path = 'D:/Unity/2021.3.3f1/Editor/Data/MonoBleedingEdge/etc'
Using monoOptions --debugger-agent=transport=dt_socket,embedding=1,server=y,suspend=n,address=127.0.0.1:56260
Begin MonoManager ReloadAssembly
Registering precompiled unity dll's ...
Register platform support module: D:/Unity/2021.3.3f1/Editor/Data/PlaybackEngines/WebGLSupport/UnityEditor.WebGL.Extensions.dll
Register platform support module: D:/Unity/2021.3.3f1/Editor/Data/PlaybackEngines/WindowsStandaloneSupport/UnityEditor.WindowsStandalone.Extensions.dll
Registered in 0.004627 seconds.
Native extension for WindowsStandalone target not found
Native extension for WebGL target not found
Refreshing native plugins compatible for Editor in 89.29 ms, found 8 plugins.
Preloading 0 native plugins for Editor in 0.00 ms.
Mono: successfully reloaded assembly
- Completed reload, in  0.683 seconds
Domain Reload Profiling:
	ReloadAssembly (684ms)
		BeginReloadAssembly (94ms)
			ExecutionOrderSort (0ms)
			DisableScriptedObjects (0ms)
			BackupInstance (0ms)
			ReleaseScriptingObjects (0ms)
			CreateAndSetChildDomain (1ms)
		EndReloadAssembly (482ms)
			LoadAssemblies (94ms)
			RebuildTransferFunctionScriptingTraits (0ms)
			SetupTypeCache (113ms)
			ReleaseScriptCaches (0ms)
			RebuildScriptCaches (28ms)
			SetupLoadedEditorAssemblies (292ms)
				LogAssemblyErrors (0ms)
				InitializePlatformSupportModulesInManaged (7ms)
				SetLoadedEditorAssemblies (0ms)
				RefreshPlugins (89ms)
				BeforeProcessingInitializeOnLoad (1ms)
				ProcessInitializeOnLoadAttributes (144ms)
				ProcessInitializeOnLoadMethodAttributes (50ms)
				AfterProcessingInitializeOnLoad (0ms)
				EditorAssembliesLoaded (0ms)
			ExecutionOrderSort2 (0ms)
			AwakeInstancesAfterBackupRestoration (0ms)
Platform modules already initialized, skipping
Registering precompiled user dll's ...
Registered in 0.011582 seconds.
Begin MonoManager ReloadAssembly
Symbol file LoadedFromMemory doesn't match image H:\Studium Faecher Datein\5 Semester\VR\Virtuelle-und-Erweiterte-Realitaet\SnakeVR\Library\PackageCache\com.unity.visualscripting@1.7.8\Editor\VisualScripting.Core\Dependencies\YamlDotNet\Unity.VisualScripting.YamlDotNet.dll
Symbol file LoadedFromMemory doesn't match image H:\Studium Faecher Datein\5 Semester\VR\Virtuelle-und-Erweiterte-Realitaet\SnakeVR\Library\PackageCache\com.unity.visualscripting@1.7.8\Editor\VisualScripting.Core\Dependencies\DotNetZip\Unity.VisualScripting.IonicZip.dll
Native extension for WindowsStandalone target not found
Native extension for WebGL target not found
Refreshing native plugins compatible for Editor in 89.50 ms, found 8 plugins.
Preloading 0 native plugins for Editor in 0.00 ms.
Package Manager log level set to [2]
Mono: successfully reloaded assembly
- Completed reload, in  1.270 seconds
Domain Reload Profiling:
	ReloadAssembly (1271ms)
		BeginReloadAssembly (137ms)
			ExecutionOrderSort (0ms)
			DisableScriptedObjects (6ms)
			BackupInstance (0ms)
			ReleaseScriptingObjects (0ms)
			CreateAndSetChildDomain (19ms)
		EndReloadAssembly (1028ms)
			LoadAssemblies (121ms)
			RebuildTransferFunctionScriptingTraits (0ms)
			SetupTypeCache (286ms)
			ReleaseScriptCaches (1ms)
			RebuildScriptCaches (65ms)
			SetupLoadedEditorAssemblies (527ms)
				LogAssemblyErrors (0ms)
				InitializePlatformSupportModulesInManaged (4ms)
				SetLoadedEditorAssemblies (0ms)
				RefreshPlugins (90ms)
				BeforeProcessingInitializeOnLoad (101ms)
				ProcessInitializeOnLoadAttributes (297ms)
				ProcessInitializeOnLoadMethodAttributes (31ms)
				AfterProcessingInitializeOnLoad (4ms)
				EditorAssembliesLoaded (0ms)
			ExecutionOrderSort2 (0ms)
			AwakeInstancesAfterBackupRestoration (8ms)
Platform modules already initialized, skipping
========================================================================
Worker process is ready to serve import requests
Launched and connected shader compiler UnityShaderCompiler.exe after 0.06 seconds
Refreshing native plugins compatible for Editor in 1.40 ms, found 8 plugins.
Preloading 0 native plugins for Editor in 0.00 ms.
Unloading 4205 Unused Serialized files (Serialized files now loaded: 0)
Unloading 46 unused Assets / (56.0 KB). Loaded Objects now: 4648.
Memory consumption went from 147.2 MB to 147.2 MB.
Total: 3.254600 ms (FindLiveObjects: 0.310400 ms CreateObjectMapping: 0.225900 ms MarkObjects: 2.637200 ms  DeleteObjects: 0.079900 ms)

AssetImportParameters requested are different than current active one (requested -> active):
  custom:video-decoder-ogg-theora: a1e56fd34408186e4bbccfd4996cb3dc -> 
  custom:container-muxer-webm: aa71ff27fc2769a1b78a27578f13a17b -> 
  custom:container-demuxer-webm: 4f35f7cbe854078d1ac9338744f61a02 -> 
  custom:video-encoder-webm-vp8: eb34c28f22e8b96e1ab97ce403110664 -> 
  custom:audio-encoder-webm-vorbis: bf7c407c2cedff20999df2af8eb42d56 -> 
  custom:framework-win-MediaFoundation: 216162199b28c13a410421893ffa2e32 -> 
  custom:container-demuxer-ogg: 62fdf1f143b41e24485cea50d1cbac27 -> 
  custom:video-decoder-webm-vp8: 9c59270c3fd7afecdb556c50c9e8de78 -> 
  custom:audio-decoder-ogg-vorbis: bf7c407c2cedff20999df2af8eb42d56 -> 
========================================================================
Received Import Request.
  Time since last request: 956676.470926 seconds.
  path: Assets/Dosenwerfen/Prefabs
  artifactKey: Guid(c872b8781c56ead4ba8a6f69b150eb5a) Importer(815301076,1909f56bfc062723c751e8b465ee728b)
Start importing Assets/Dosenwerfen/Prefabs using Guid(c872b8781c56ead4ba8a6f69b150eb5a) Importer(815301076,1909f56bfc062723c751e8b465ee728b)  -> (artifact id: '30468b2f1da9425e505fd9ce3fcbb141') in 0.175320 seconds 
========================================================================
Received Import Request.
  Time since last request: 0.000025 seconds.
  path: Assets/Dosenwerfen/Prefabs/Can.prefab
  artifactKey: Guid(ed766944699f42942a01bd57d166ff84) Importer(815301076,1909f56bfc062723c751e8b465ee728b)
Start importing Assets/Dosenwerfen/Prefabs/Can.prefab using Guid(ed766944699f42942a01bd57d166ff84) Importer(815301076,1909f56bfc062723c751e8b465ee728b)  -> (artifact id: 'eebdb7c4b45a9d62b64beafede6f5685') in 0.327413 seconds 
========================================================================
Received Import Request.
  Time since last request: 2.933579 seconds.
  path: Assets/Dosenwerfen/Models
  artifactKey: Guid(62262989cf0757a4a833862ef60e7494) Importer(815301076,1909f56bfc062723c751e8b465ee728b)
Start importing Assets/Dosenwerfen/Models using Guid(62262989cf0757a4a833862ef60e7494) Importer(815301076,1909f56bfc062723c751e8b465ee728b)  -> (artifact id: '4ccd2d08ea5149cecd75bf058a179f65') in 0.019803 seconds 
========================================================================
Received Import Request.
  Time since last request: 0.083294 seconds.
  path: Assets/Dosenwerfen/Models/Can.fbx
  artifactKey: Guid(a43df4274d400ca4891757765201d2a4) Importer(815301076,1909f56bfc062723c751e8b465ee728b)
Start importing Assets/Dosenwerfen/Models/Can.fbx using Guid(a43df4274d400ca4891757765201d2a4) Importer(815301076,1909f56bfc062723c751e8b465ee728b)  -> (artifact id: '31664f8efad752898b5c03271ba4c46e') in 0.179937 seconds 
========================================================================
Received Import Request.
  Time since last request: 1.980710 seconds.
  path: Assets/XRI
  artifactKey: Guid(ade109efa54a5694f9bc5af450ff0a0c) Importer(815301076,1909f56bfc062723c751e8b465ee728b)
Start importing Assets/XRI using Guid(ade109efa54a5694f9bc5af450ff0a0c) Importer(815301076,1909f56bfc062723c751e8b465ee728b)  -> (artifact id: 'ad179e9d4755f6f5348e3ba6fb20c882') in 0.008733 seconds 
========================================================================
Received Import Request.
  Time since last request: 0.967613 seconds.
  path: Assets/XRI/Settings
  artifactKey: Guid(68fda4de49e63fa47b31173e4b34e7c9) Importer(815301076,1909f56bfc062723c751e8b465ee728b)
Start importing Assets/XRI/Settings using Guid(68fda4de49e63fa47b31173e4b34e7c9) Importer(815301076,1909f56bfc062723c751e8b465ee728b)  -> (artifact id: '1ccdd418c8509e95631f213540b358b3') in 0.126873 seconds 
========================================================================
Received Import Request.
  Time since last request: 0.930681 seconds.
  path: Assets/XR
  artifactKey: Guid(fb0b0ae5550507b4da24ade78d12ba28) Importer(815301076,1909f56bfc062723c751e8b465ee728b)
Start importing Assets/XR using Guid(fb0b0ae5550507b4da24ade78d12ba28) Importer(815301076,1909f56bfc062723c751e8b465ee728b)  -> (artifact id: 'e74fc9932889d9ed63e52e7533471c27') in 0.019451 seconds 
========================================================================
Received Import Request.
  Time since last request: 0.061942 seconds.
  path: Assets/XR/XRGeneralSettings.asset
  artifactKey: Guid(f64989e715c59cd409e3804590a6cf1e) Importer(815301076,1909f56bfc062723c751e8b465ee728b)
Start importing Assets/XR/XRGeneralSettings.asset using Guid(f64989e715c59cd409e3804590a6cf1e) Importer(815301076,1909f56bfc062723c751e8b465ee728b)  -> (artifact id: 'c9d597db4ada84074a97d36483fc2d46') in 0.110127 seconds 
========================================================================
Received Import Request.
  Time since last request: 6.515767 seconds.
  path: Assets/Scenes
  artifactKey: Guid(6ea315d0fd7389c41b19996891e99ae3) Importer(815301076,1909f56bfc062723c751e8b465ee728b)
Start importing Assets/Scenes using Guid(6ea315d0fd7389c41b19996891e99ae3) Importer(815301076,1909f56bfc062723c751e8b465ee728b)  -> (artifact id: 'b8193726cff86800c54781cdc6d54904') in 0.122631 seconds 
========================================================================
Received Import Request.
  Time since last request: 0.708057 seconds.
  path: Assets/Scenes/SampleScene.unity
  artifactKey: Guid(9fc0d4010bbf28b4594072e72b8655ab) Importer(815301076,1909f56bfc062723c751e8b465ee728b)
Start importing Assets/Scenes/SampleScene.unity using Guid(9fc0d4010bbf28b4594072e72b8655ab) Importer(815301076,1909f56bfc062723c751e8b465ee728b)  -> (artifact id: '6e94412ab63d864017a6568c70908462') in 0.006255 seconds 
========================================================================
Received Import Request.
  Time since last request: 201.398697 seconds.
  path: Assets/Dosenwerfen/Materials
  artifactKey: Guid(8a57061c954bcf84eaf21a921b69602b) Importer(815301076,1909f56bfc062723c751e8b465ee728b)
Start importing Assets/Dosenwerfen/Materials using Guid(8a57061c954bcf84eaf21a921b69602b) Importer(815301076,1909f56bfc062723c751e8b465ee728b)  -> (artifact id: '29a8d06697890fe22fa1c6c3c65bf805') in 0.010249 seconds 
========================================================================
Received Import Request.
  Time since last request: 0.051533 seconds.
  path: Assets/Dosenwerfen/Materials/Ball.mat
  artifactKey: Guid(6f0056c03c7e58645ba7b5788affbf5a) Importer(815301076,1909f56bfc062723c751e8b465ee728b)
Start importing Assets/Dosenwerfen/Materials/Ball.mat using Guid(6f0056c03c7e58645ba7b5788affbf5a) Importer(815301076,1909f56bfc062723c751e8b465ee728b)  -> (artifact id: '7d502ca7e8ececf21632d513c637ccba') in 0.099865 seconds 
========================================================================
Received Import Request.
  Time since last request: 0.000023 seconds.
  path: Assets/Dosenwerfen/Materials/HandSphere.mat
  artifactKey: Guid(90f435bc262b0dc49976b6344a45a8d2) Importer(815301076,1909f56bfc062723c751e8b465ee728b)
Start importing Assets/Dosenwerfen/Materials/HandSphere.mat using Guid(90f435bc262b0dc49976b6344a45a8d2) Importer(815301076,1909f56bfc062723c751e8b465ee728b)  -> (artifact id: '11c1db91433c0db280253b4bfaf8b2ec') in 0.013104 seconds 
