Using pre-set license
Built from '2021.3/staging' branch; Version is '2021.3.3f1 (af2e63e8f9bd) revision 11480675'; Using compiler version '192829333'; Build Type 'Release'
OS: 'Windows 10  (10.0.19044) 64bit Core' Language: 'de' Physical Memory: 32705 MB
BatchMode: 1, IsHumanControllingUs: 0, StartBugReporterOnCrash: 0, Is64bit: 1, IsPro: 1

COMMAND LINE ARGUMENTS:
D:\Unity\2021.3.3f1\Editor\Unity.exe
-adb2
-batchMode
-noUpm
-name
AssetImportWorker0
-projectPath
H:/Studium Faecher Datein/5 Semester/VR/Virtuelle-und-Erweiterte-Realitaet/SnakeVR
-logFile
Logs/AssetImportWorker0.log
-srvPort
52101
Successfully changed project path to: H:/Studium Faecher Datein/5 Semester/VR/Virtuelle-und-Erweiterte-Realitaet/SnakeVR
H:/Studium Faecher Datein/5 Semester/VR/Virtuelle-und-Erweiterte-Realitaet/SnakeVR
[UnityMemory] Configuration Parameters - Can be set up in boot.config
    "memorysetup-bucket-allocator-granularity=16"
    "memorysetup-bucket-allocator-bucket-count=8"
    "memorysetup-bucket-allocator-block-size=33554432"
    "memorysetup-bucket-allocator-block-count=8"
    "memorysetup-main-allocator-block-size=16777216"
    "memorysetup-thread-allocator-block-size=16777216"
    "memorysetup-gfx-main-allocator-block-size=16777216"
    "memorysetup-gfx-thread-allocator-block-size=16777216"
    "memorysetup-cache-allocator-block-size=4194304"
    "memorysetup-typetree-allocator-block-size=2097152"
    "memorysetup-profiler-bucket-allocator-granularity=16"
    "memorysetup-profiler-bucket-allocator-bucket-count=8"
    "memorysetup-profiler-bucket-allocator-block-size=33554432"
    "memorysetup-profiler-bucket-allocator-block-count=8"
    "memorysetup-profiler-allocator-block-size=16777216"
    "memorysetup-profiler-editor-allocator-block-size=1048576"
    "memorysetup-temp-allocator-size-main=16777216"
    "memorysetup-job-temp-allocator-block-size=2097152"
    "memorysetup-job-temp-allocator-block-size-background=1048576"
    "memorysetup-job-temp-allocator-reduction-small-platforms=262144"
    "memorysetup-temp-allocator-size-background-worker=32768"
    "memorysetup-temp-allocator-size-job-worker=262144"
    "memorysetup-temp-allocator-size-preload-manager=33554432"
    "memorysetup-temp-allocator-size-nav-mesh-worker=65536"
    "memorysetup-temp-allocator-size-audio-worker=65536"
    "memorysetup-temp-allocator-size-cloud-worker=32768"
    "memorysetup-temp-allocator-size-gi-baking-worker=262144"
    "memorysetup-temp-allocator-size-gfx=262144"
Refreshing native plugins compatible for Editor in 93.44 ms, found 8 plugins.
Preloading 0 native plugins for Editor in 0.00 ms.
Initialize engine version: 2021.3.3f1 (af2e63e8f9bd)
[Subsystems] Discovering subsystems at path D:/Unity/2021.3.3f1/Editor/Data/Resources/UnitySubsystems
[Subsystems] Discovering subsystems at path H:/Studium Faecher Datein/5 Semester/VR/Virtuelle-und-Erweiterte-Realitaet/SnakeVR/Assets
GfxDevice: creating device client; threaded=0; jobified=0
Direct3D:
    Version:  Direct3D 11.0 [level 11.1]
    Renderer: NVIDIA GeForce GTX 1080 (ID=0x1b80)
    Vendor:   NVIDIA
    VRAM:     8079 MB
    Driver:   31.0.15.1694
Initialize mono
Mono path[0] = 'D:/Unity/2021.3.3f1/Editor/Data/Managed'
Mono path[1] = 'D:/Unity/2021.3.3f1/Editor/Data/MonoBleedingEdge/lib/mono/unityjit-win32'
Mono config path = 'D:/Unity/2021.3.3f1/Editor/Data/MonoBleedingEdge/etc'
Using monoOptions --debugger-agent=transport=dt_socket,embedding=1,server=y,suspend=n,address=127.0.0.1:56220
Begin MonoManager ReloadAssembly
Registering precompiled unity dll's ...
Register platform support module: D:/Unity/2021.3.3f1/Editor/Data/PlaybackEngines/WebGLSupport/UnityEditor.WebGL.Extensions.dll
Register platform support module: D:/Unity/2021.3.3f1/Editor/Data/PlaybackEngines/WindowsStandaloneSupport/UnityEditor.WindowsStandalone.Extensions.dll
Registered in 0.003040 seconds.
Native extension for WindowsStandalone target not found
Native extension for WebGL target not found
Refreshing native plugins compatible for Editor in 90.64 ms, found 8 plugins.
Preloading 0 native plugins for Editor in 0.00 ms.
Mono: successfully reloaded assembly
- Completed reload, in  0.658 seconds
Domain Reload Profiling:
	ReloadAssembly (659ms)
		BeginReloadAssembly (91ms)
			ExecutionOrderSort (0ms)
			DisableScriptedObjects (0ms)
			BackupInstance (0ms)
			ReleaseScriptingObjects (0ms)
			CreateAndSetChildDomain (1ms)
		EndReloadAssembly (462ms)
			LoadAssemblies (91ms)
			RebuildTransferFunctionScriptingTraits (0ms)
			SetupTypeCache (102ms)
			ReleaseScriptCaches (0ms)
			RebuildScriptCaches (30ms)
			SetupLoadedEditorAssemblies (282ms)
				LogAssemblyErrors (0ms)
				InitializePlatformSupportModulesInManaged (7ms)
				SetLoadedEditorAssemblies (0ms)
				RefreshPlugins (91ms)
				BeforeProcessingInitializeOnLoad (1ms)
				ProcessInitializeOnLoadAttributes (141ms)
				ProcessInitializeOnLoadMethodAttributes (42ms)
				AfterProcessingInitializeOnLoad (0ms)
				EditorAssembliesLoaded (0ms)
			ExecutionOrderSort2 (0ms)
			AwakeInstancesAfterBackupRestoration (0ms)
Platform modules already initialized, skipping
Registering precompiled user dll's ...
Registered in 0.011604 seconds.
Begin MonoManager ReloadAssembly
Symbol file LoadedFromMemory doesn't match image H:\Studium Faecher Datein\5 Semester\VR\Virtuelle-und-Erweiterte-Realitaet\SnakeVR\Library\PackageCache\com.unity.visualscripting@1.7.8\Editor\VisualScripting.Core\Dependencies\YamlDotNet\Unity.VisualScripting.YamlDotNet.dll
Symbol file LoadedFromMemory doesn't match image H:\Studium Faecher Datein\5 Semester\VR\Virtuelle-und-Erweiterte-Realitaet\SnakeVR\Library\PackageCache\com.unity.visualscripting@1.7.8\Editor\VisualScripting.Core\Dependencies\DotNetZip\Unity.VisualScripting.IonicZip.dll
Native extension for WindowsStandalone target not found
Native extension for WebGL target not found
Refreshing native plugins compatible for Editor in 88.70 ms, found 8 plugins.
Preloading 0 native plugins for Editor in 0.00 ms.
Package Manager log level set to [2]
Mono: successfully reloaded assembly
- Completed reload, in  1.270 seconds
Domain Reload Profiling:
	ReloadAssembly (1271ms)
		BeginReloadAssembly (126ms)
			ExecutionOrderSort (0ms)
			DisableScriptedObjects (5ms)
			BackupInstance (0ms)
			ReleaseScriptingObjects (0ms)
			CreateAndSetChildDomain (21ms)
		EndReloadAssembly (1037ms)
			LoadAssemblies (107ms)
			RebuildTransferFunctionScriptingTraits (0ms)
			SetupTypeCache (318ms)
			ReleaseScriptCaches (1ms)
			RebuildScriptCaches (58ms)
			SetupLoadedEditorAssemblies (526ms)
				LogAssemblyErrors (0ms)
				InitializePlatformSupportModulesInManaged (4ms)
				SetLoadedEditorAssemblies (0ms)
				RefreshPlugins (89ms)
				BeforeProcessingInitializeOnLoad (103ms)
				ProcessInitializeOnLoadAttributes (298ms)
				ProcessInitializeOnLoadMethodAttributes (28ms)
				AfterProcessingInitializeOnLoad (3ms)
				EditorAssembliesLoaded (0ms)
			ExecutionOrderSort2 (0ms)
			AwakeInstancesAfterBackupRestoration (7ms)
Platform modules already initialized, skipping
========================================================================
Worker process is ready to serve import requests
Launched and connected shader compiler UnityShaderCompiler.exe after 0.06 seconds
Refreshing native plugins compatible for Editor in 1.01 ms, found 8 plugins.
Preloading 0 native plugins for Editor in 0.00 ms.
Unloading 4205 Unused Serialized files (Serialized files now loaded: 0)
Unloading 46 unused Assets / (56.0 KB). Loaded Objects now: 4648.
Memory consumption went from 147.3 MB to 147.2 MB.
Total: 4.605100 ms (FindLiveObjects: 0.418500 ms CreateObjectMapping: 0.313800 ms MarkObjects: 3.769800 ms  DeleteObjects: 0.101800 ms)

AssetImportParameters requested are different than current active one (requested -> active):
  custom:video-decoder-ogg-theora: a1e56fd34408186e4bbccfd4996cb3dc -> 
  custom:container-muxer-webm: aa71ff27fc2769a1b78a27578f13a17b -> 
  custom:container-demuxer-webm: 4f35f7cbe854078d1ac9338744f61a02 -> 
  custom:video-encoder-webm-vp8: eb34c28f22e8b96e1ab97ce403110664 -> 
  custom:audio-encoder-webm-vorbis: bf7c407c2cedff20999df2af8eb42d56 -> 
  custom:framework-win-MediaFoundation: 216162199b28c13a410421893ffa2e32 -> 
  custom:container-demuxer-ogg: 62fdf1f143b41e24485cea50d1cbac27 -> 
  custom:video-decoder-webm-vp8: 9c59270c3fd7afecdb556c50c9e8de78 -> 
  custom:audio-decoder-ogg-vorbis: bf7c407c2cedff20999df2af8eb42d56 -> 
========================================================================
Received Import Request.
  Time since last request: 957545.832866 seconds.
  path: Assets/Blink/Art/Textures/StylizedDesertTextures
  artifactKey: Guid(23a779e1abb582149893f7f3206fa5bc) Importer(815301076,1909f56bfc062723c751e8b465ee728b)
Start importing Assets/Blink/Art/Textures/StylizedDesertTextures using Guid(23a779e1abb582149893f7f3206fa5bc) Importer(815301076,1909f56bfc062723c751e8b465ee728b)  -> (artifact id: '58a99b6b044311d499934b09f1a1890e') in 0.034281 seconds 
========================================================================
Received Import Request.
  Time since last request: 0.000031 seconds.
  path: Assets/Blink/Art
  artifactKey: Guid(a960b7b240d190646a38ec865ba80c79) Importer(815301076,1909f56bfc062723c751e8b465ee728b)
Start importing Assets/Blink/Art using Guid(a960b7b240d190646a38ec865ba80c79) Importer(815301076,1909f56bfc062723c751e8b465ee728b)  -> (artifact id: '85189699e60f981a8b092f9d095327dc') in 0.006657 seconds 
========================================================================
Received Import Request.
  Time since last request: 0.173162 seconds.
  path: Assets/Blink/Art/Textures/StylizedDesertTextures/Sand_1
  artifactKey: Guid(082585cf6a581ef4c94dd499a3749d09) Importer(815301076,1909f56bfc062723c751e8b465ee728b)
Start importing Assets/Blink/Art/Textures/StylizedDesertTextures/Sand_1 using Guid(082585cf6a581ef4c94dd499a3749d09) Importer(815301076,1909f56bfc062723c751e8b465ee728b)  -> (artifact id: 'd6e2a30fc5865c0779f59b4065a526ef') in 0.006863 seconds 
========================================================================
Received Import Request.
  Time since last request: 0.055691 seconds.
  path: Assets/Blink/Art/Textures/StylizedDesertTextures/Sand_1/Sand_1.mat
  artifactKey: Guid(a8bafeb9ce249ad449cd43f428bf7668) Importer(815301076,1909f56bfc062723c751e8b465ee728b)
Start importing Assets/Blink/Art/Textures/StylizedDesertTextures/Sand_1/Sand_1.mat using Guid(a8bafeb9ce249ad449cd43f428bf7668) Importer(815301076,1909f56bfc062723c751e8b465ee728b)  -> (artifact id: 'f644b1d4bb1e64b8031c1db5bb165f76') in 0.368896 seconds 
========================================================================
Received Import Request.
  Time since last request: 8.192950 seconds.
  path: Assets/Blink/Art/Textures/StylizedForestTextures
  artifactKey: Guid(0fe7dd74519398e4bbf226fe0d38b868) Importer(815301076,1909f56bfc062723c751e8b465ee728b)
Start importing Assets/Blink/Art/Textures/StylizedForestTextures using Guid(0fe7dd74519398e4bbf226fe0d38b868) Importer(815301076,1909f56bfc062723c751e8b465ee728b)  -> (artifact id: 'a049922632fbc22bd5031c8fdbadfaae') in 0.014603 seconds 
========================================================================
Received Import Request.
  Time since last request: 2.440020 seconds.
  path: Assets/Blink/Art/Textures/StylizedIceTextures
  artifactKey: Guid(a5b1be0fe2dd47042b48c150d2ee7e45) Importer(815301076,1909f56bfc062723c751e8b465ee728b)
Start importing Assets/Blink/Art/Textures/StylizedIceTextures using Guid(a5b1be0fe2dd47042b48c150d2ee7e45) Importer(815301076,1909f56bfc062723c751e8b465ee728b)  -> (artifact id: '4f52bc19ff4fc16f95e432c4975df00d') in 0.006391 seconds 
========================================================================
Received Import Request.
  Time since last request: 1.626713 seconds.
  path: Assets/Blink/Art/Textures/StylizedLavaTextures
  artifactKey: Guid(7e4211a3ff121a14f975932647580206) Importer(815301076,1909f56bfc062723c751e8b465ee728b)
Start importing Assets/Blink/Art/Textures/StylizedLavaTextures using Guid(7e4211a3ff121a14f975932647580206) Importer(815301076,1909f56bfc062723c751e8b465ee728b)  -> (artifact id: 'fd62837e8a71b1140c8a11a6533c0b9f') in 0.006943 seconds 
========================================================================
Received Import Request.
  Time since last request: 1.158474 seconds.
  path: Assets/Blink/Art/Textures/StylizedLavaTextures/Rock_Ground_Cliff_1
  artifactKey: Guid(be580243c8aafa64a8d3545e9484fe0c) Importer(815301076,1909f56bfc062723c751e8b465ee728b)
Start importing Assets/Blink/Art/Textures/StylizedLavaTextures/Rock_Ground_Cliff_1 using Guid(be580243c8aafa64a8d3545e9484fe0c) Importer(815301076,1909f56bfc062723c751e8b465ee728b)  -> (artifact id: '26252dbbba3164d49ee13f944bd427e2') in 0.018521 seconds 
========================================================================
Received Import Request.
  Time since last request: 0.166452 seconds.
  path: Assets/Blink/Art/Textures/StylizedLavaTextures/Rock_Ground_Cliff_1/Rock_Ground_Cliff_1.mat
  artifactKey: Guid(a74af49949acb0945b8396d6fa7b0bc5) Importer(815301076,1909f56bfc062723c751e8b465ee728b)
Start importing Assets/Blink/Art/Textures/StylizedLavaTextures/Rock_Ground_Cliff_1/Rock_Ground_Cliff_1.mat using Guid(a74af49949acb0945b8396d6fa7b0bc5) Importer(815301076,1909f56bfc062723c751e8b465ee728b)  -> (artifact id: '5424e719d87aae16fe590da6f48d0612') in 0.239020 seconds 
========================================================================
Received Import Request.
  Time since last request: 5.349128 seconds.
  path: Assets/Blink/Art/Textures/Demo
  artifactKey: Guid(8e64554e2bafcc94e96098ff7b68329f) Importer(815301076,1909f56bfc062723c751e8b465ee728b)
Start importing Assets/Blink/Art/Textures/Demo using Guid(8e64554e2bafcc94e96098ff7b68329f) Importer(815301076,1909f56bfc062723c751e8b465ee728b)  -> (artifact id: '110ddfcef97b693dbd76bdb4ebf10097') in 0.006466 seconds 
========================================================================
Received Import Request.
  Time since last request: 0.949953 seconds.
  path: Assets/Blink/Art/Textures/Demo/StylizedFREETexturesDEMO
  artifactKey: Guid(1838fdf09e2a60e42a51eeae03abaecb) Importer(815301076,1909f56bfc062723c751e8b465ee728b)
Start importing Assets/Blink/Art/Textures/Demo/StylizedFREETexturesDEMO using Guid(1838fdf09e2a60e42a51eeae03abaecb) Importer(815301076,1909f56bfc062723c751e8b465ee728b)  -> (artifact id: '6dc81939a22ec14aff56a2d875d3eea3') in 0.027945 seconds 
========================================================================
Received Import Request.
  Time since last request: 0.052560 seconds.
  path: Assets/Blink/Art/Textures/Demo/StylizedFREETexturesDEMO/LightingData.asset
  artifactKey: Guid(ce8452ce28bcb274892c52cea06abc18) Importer(815301076,1909f56bfc062723c751e8b465ee728b)
Start importing Assets/Blink/Art/Textures/Demo/StylizedFREETexturesDEMO/LightingData.asset using Guid(ce8452ce28bcb274892c52cea06abc18) Importer(815301076,1909f56bfc062723c751e8b465ee728b) Lighting data asset ‘LightingData’ is incompatible with the current Unity version because the scene it was baked for was not serialized. Please use Generate Lighting to rebuild the lighting data, or assign the target scene to the Lighting Data Asset in the inspector.
 -> (artifact id: 'e012765b7350e1e5f3fd67b90770bf68') in 0.010196 seconds 
========================================================================
Received Import Request.
  Time since last request: 0.008121 seconds.
  path: Assets/Blink/Art/Textures/Demo/StylizedFREETexturesDEMO/ReflectionProbe-0.exr
  artifactKey: Guid(1f6a1013c51f5ef4680f704aba80f676) Importer(815301076,1909f56bfc062723c751e8b465ee728b)
Start importing Assets/Blink/Art/Textures/Demo/StylizedFREETexturesDEMO/ReflectionProbe-0.exr using Guid(1f6a1013c51f5ef4680f704aba80f676) Importer(815301076,1909f56bfc062723c751e8b465ee728b)  -> (artifact id: '6cc5e97a16d4944e063afe450c9261e1') in 0.039480 seconds 
========================================================================
Received Import Request.
  Time since last request: 3.998312 seconds.
  path: Assets/Blink/Art/Textures/StylizedDesertTextures/Rocks_1_Sand_3
  artifactKey: Guid(42b07bac3abc0b54db3dbd154539c097) Importer(815301076,1909f56bfc062723c751e8b465ee728b)
Start importing Assets/Blink/Art/Textures/StylizedDesertTextures/Rocks_1_Sand_3 using Guid(42b07bac3abc0b54db3dbd154539c097) Importer(815301076,1909f56bfc062723c751e8b465ee728b)  -> (artifact id: '19f890268a576d64961562fb74864fb1') in 0.054202 seconds 
========================================================================
Received Import Request.
  Time since last request: 0.000037 seconds.
  path: Assets/Blink/Art/Textures/StylizedDesertTextures/Rocks_1_Sand_3/Rocks_1_Sand_3_BaseColor.png
  artifactKey: Guid(6fa7161420bbd60419693f2519d83d78) Importer(815301076,1909f56bfc062723c751e8b465ee728b)
Start importing Assets/Blink/Art/Textures/StylizedDesertTextures/Rocks_1_Sand_3/Rocks_1_Sand_3_BaseColor.png using Guid(6fa7161420bbd60419693f2519d83d78) Importer(815301076,1909f56bfc062723c751e8b465ee728b)  -> (artifact id: 'c95305bbe241f6cf3427ecaecb093e5f') in 0.057966 seconds 
========================================================================
Received Import Request.
  Time since last request: 0.000027 seconds.
  path: Assets/Blink/Art/Textures/StylizedDesertTextures/Rocks_1_Sand_3/Rocks_1_Sand_3_Height.png
  artifactKey: Guid(4d09fee64dc0ae14d9a1c435d0535aed) Importer(815301076,1909f56bfc062723c751e8b465ee728b)
Start importing Assets/Blink/Art/Textures/StylizedDesertTextures/Rocks_1_Sand_3/Rocks_1_Sand_3_Height.png using Guid(4d09fee64dc0ae14d9a1c435d0535aed) Importer(815301076,1909f56bfc062723c751e8b465ee728b)  -> (artifact id: 'd8535f38b61066321fea0acbec7a46f0') in 0.016396 seconds 
========================================================================
Received Import Request.
  Time since last request: 0.000024 seconds.
  path: Assets/Blink/Art/Textures/StylizedDesertTextures/Rocks_1_Sand_3/Rock_1_Sand_3.terrainlayer
  artifactKey: Guid(2570733b4b508b542975403ec208b3be) Importer(815301076,1909f56bfc062723c751e8b465ee728b)
Start importing Assets/Blink/Art/Textures/StylizedDesertTextures/Rocks_1_Sand_3/Rock_1_Sand_3.terrainlayer using Guid(2570733b4b508b542975403ec208b3be) Importer(815301076,1909f56bfc062723c751e8b465ee728b)  -> (artifact id: 'bcfebd5f53a2fba76994f032ebe1f898') in 0.031135 seconds 
========================================================================
Received Import Request.
  Time since last request: 0.000019 seconds.
  path: Assets/Blink/Art/Textures/StylizedDesertTextures/Rocks_1_Sand_3/Rocks_1_Sand_3_AmbientOcclusion.png
  artifactKey: Guid(aa9d3601a6bd8354190cf1f4611111d0) Importer(815301076,1909f56bfc062723c751e8b465ee728b)
Start importing Assets/Blink/Art/Textures/StylizedDesertTextures/Rocks_1_Sand_3/Rocks_1_Sand_3_AmbientOcclusion.png using Guid(aa9d3601a6bd8354190cf1f4611111d0) Importer(815301076,1909f56bfc062723c751e8b465ee728b)  -> (artifact id: '2152dba84ddc44eb1b968f23589512f3') in 0.024557 seconds 
========================================================================
Received Import Request.
  Time since last request: 0.000027 seconds.
  path: Assets/Blink/Art/Textures/StylizedDesertTextures/Rocks_1_Sand_3/Rocks_1_Sand_3_Normal.png
  artifactKey: Guid(1c11fe45eb4c5574aa39c02bd15b24d0) Importer(815301076,1909f56bfc062723c751e8b465ee728b)
Start importing Assets/Blink/Art/Textures/StylizedDesertTextures/Rocks_1_Sand_3/Rocks_1_Sand_3_Normal.png using Guid(1c11fe45eb4c5574aa39c02bd15b24d0) Importer(815301076,1909f56bfc062723c751e8b465ee728b)  -> (artifact id: '19d67f3510469d9bc642575b85a98faf') in 0.029809 seconds 
========================================================================
Received Import Request.
  Time since last request: 0.000021 seconds.
  path: Assets/Blink/Art/Textures/StylizedDesertTextures/Rocks_1_Sand_3/Rocks_1_Sand_3_Roughness.png
  artifactKey: Guid(b288bd1ea5f52d0449434b7ddea40cf2) Importer(815301076,1909f56bfc062723c751e8b465ee728b)
Start importing Assets/Blink/Art/Textures/StylizedDesertTextures/Rocks_1_Sand_3/Rocks_1_Sand_3_Roughness.png using Guid(b288bd1ea5f52d0449434b7ddea40cf2) Importer(815301076,1909f56bfc062723c751e8b465ee728b)  -> (artifact id: '2648e6757b57d42814732f4bb85aafc5') in 0.024854 seconds 
========================================================================
Received Import Request.
  Time since last request: 8.521938 seconds.
  path: Assets/Blink/Art/Textures/StylizedForestTextures/Cliff_3
  artifactKey: Guid(0e150f940a8903140bf280a0ea500bc7) Importer(815301076,1909f56bfc062723c751e8b465ee728b)
Start importing Assets/Blink/Art/Textures/StylizedForestTextures/Cliff_3 using Guid(0e150f940a8903140bf280a0ea500bc7) Importer(815301076,1909f56bfc062723c751e8b465ee728b)  -> (artifact id: '5b0617a95f4d7bc987d64182c38a4641') in 0.021133 seconds 
========================================================================
Received Import Request.
  Time since last request: 0.053870 seconds.
  path: Assets/Blink/Art/Textures/StylizedForestTextures/Cliff_3/Cliff_3.mat
  artifactKey: Guid(1eb9b6c65f4726346a9f918c3a07eab8) Importer(815301076,1909f56bfc062723c751e8b465ee728b)
Start importing Assets/Blink/Art/Textures/StylizedForestTextures/Cliff_3/Cliff_3.mat using Guid(1eb9b6c65f4726346a9f918c3a07eab8) Importer(815301076,1909f56bfc062723c751e8b465ee728b)  -> (artifact id: '52d234a05c6dbed3033b11f1ff0e5e8d') in 0.021733 seconds 
========================================================================
Received Import Request.
  Time since last request: 0.000025 seconds.
  path: Assets/Blink/Art/Textures/StylizedForestTextures/Cliff_3/Cliff_3_Height.png
  artifactKey: Guid(e503f96269599594cb66b5e353290180) Importer(815301076,1909f56bfc062723c751e8b465ee728b)
Start importing Assets/Blink/Art/Textures/StylizedForestTextures/Cliff_3/Cliff_3_Height.png using Guid(e503f96269599594cb66b5e353290180) Importer(815301076,1909f56bfc062723c751e8b465ee728b)  -> (artifact id: 'fa14a9afe99cdeb89af257ddb8f0bd29') in 0.018049 seconds 
========================================================================
Received Import Request.
  Time since last request: 0.000024 seconds.
  path: Assets/Blink/Art/Textures/StylizedForestTextures/Cliff_3/Cliff_3_Normal.png
  artifactKey: Guid(f7627922db039884e849d99b8aaf3e92) Importer(815301076,1909f56bfc062723c751e8b465ee728b)
Start importing Assets/Blink/Art/Textures/StylizedForestTextures/Cliff_3/Cliff_3_Normal.png using Guid(f7627922db039884e849d99b8aaf3e92) Importer(815301076,1909f56bfc062723c751e8b465ee728b)  -> (artifact id: '2e1bf5ced5fd5290fe44768f98269a67') in 0.019486 seconds 
========================================================================
Received Import Request.
  Time since last request: 84.147023 seconds.
  path: Assets/Dosenwerfen/Models/ViveController
  artifactKey: Guid(6b2d10779dbc86544a06addf9e8941dd) Importer(815301076,1909f56bfc062723c751e8b465ee728b)
Start importing Assets/Dosenwerfen/Models/ViveController using Guid(6b2d10779dbc86544a06addf9e8941dd) Importer(815301076,1909f56bfc062723c751e8b465ee728b)  -> (artifact id: '5ea7aa1e64642001957b0e9258d7a1be') in 0.017724 seconds 
========================================================================
Received Import Request.
  Time since last request: 0.074669 seconds.
  path: Assets/Dosenwerfen/Models/ViveController/body.obj
  artifactKey: Guid(924e23391bb561d46821b7c2b01a13c6) Importer(815301076,1909f56bfc062723c751e8b465ee728b)
Start importing Assets/Dosenwerfen/Models/ViveController/body.obj using Guid(924e23391bb561d46821b7c2b01a13c6) Importer(815301076,1909f56bfc062723c751e8b465ee728b)  -> (artifact id: 'c7ac2a5b08be6804dd50d9849fbfe427') in 0.064779 seconds 
========================================================================
Received Import Request.
  Time since last request: 0.000024 seconds.
  path: Assets/Dosenwerfen/Models/ViveController/r_grip.obj
  artifactKey: Guid(796f5550270691e43b85e27edb87618b) Importer(815301076,1909f56bfc062723c751e8b465ee728b)
Start importing Assets/Dosenwerfen/Models/ViveController/r_grip.obj using Guid(796f5550270691e43b85e27edb87618b) Importer(815301076,1909f56bfc062723c751e8b465ee728b)  -> (artifact id: '0b291e37942ea851ef916a75afe323ae') in 0.032849 seconds 
========================================================================
Received Import Request.
  Time since last request: 0.000015 seconds.
  path: Assets/Dosenwerfen/Models/ViveController/vive_controller_thumbnail.png
  artifactKey: Guid(d15efa8c12d9ced4f8923ffa56c0914f) Importer(815301076,1909f56bfc062723c751e8b465ee728b)
Start importing Assets/Dosenwerfen/Models/ViveController/vive_controller_thumbnail.png using Guid(d15efa8c12d9ced4f8923ffa56c0914f) Importer(815301076,1909f56bfc062723c751e8b465ee728b)  -> (artifact id: '7573acf43d653d0dd04169eae7a3577f') in 0.016382 seconds 
========================================================================
Received Import Request.
  Time since last request: 0.000020 seconds.
  path: Assets/Dosenwerfen/Models/ViveController/onepointfive_texture.png
  artifactKey: Guid(4fb93b0d4ad1c454b8740bb23f1af7ef) Importer(815301076,1909f56bfc062723c751e8b465ee728b)
Start importing Assets/Dosenwerfen/Models/ViveController/onepointfive_texture.png using Guid(4fb93b0d4ad1c454b8740bb23f1af7ef) Importer(815301076,1909f56bfc062723c751e8b465ee728b)  -> (artifact id: '71621d0240a53544d54589c1fcd80484') in 0.016944 seconds 
========================================================================
Received Import Request.
  Time since last request: 0.000023 seconds.
  path: Assets/Dosenwerfen/Models/ViveController/status.png
  artifactKey: Guid(6ab153381aabd4f4294461a0a73451a2) Importer(815301076,1909f56bfc062723c751e8b465ee728b)
Start importing Assets/Dosenwerfen/Models/ViveController/status.png using Guid(6ab153381aabd4f4294461a0a73451a2) Importer(815301076,1909f56bfc062723c751e8b465ee728b)  -> (artifact id: '74f34ffebe32184ea76084d61a0855b0') in 0.015042 seconds 
========================================================================
Received Import Request.
  Time since last request: 0.000036 seconds.
  path: Assets/Dosenwerfen/Models/ViveController/scroll_wheel.obj
  artifactKey: Guid(3f5d00263a442a5468fc9ace0bb85512) Importer(815301076,1909f56bfc062723c751e8b465ee728b)
Start importing Assets/Dosenwerfen/Models/ViveController/scroll_wheel.obj using Guid(3f5d00263a442a5468fc9ace0bb85512) Importer(815301076,1909f56bfc062723c751e8b465ee728b)  -> (artifact id: 'd79bfaac0294384a2a7050ceaf85554c') in 0.032654 seconds 
========================================================================
Received Import Request.
  Time since last request: 0.000023 seconds.
  path: Assets/Dosenwerfen/Models/ViveController/onepointfive_occ_bake.tga
  artifactKey: Guid(a0f0bf694a05b1a4b9fbc0eb4971fbba) Importer(815301076,1909f56bfc062723c751e8b465ee728b)
Start importing Assets/Dosenwerfen/Models/ViveController/onepointfive_occ_bake.tga using Guid(a0f0bf694a05b1a4b9fbc0eb4971fbba) Importer(815301076,1909f56bfc062723c751e8b465ee728b)  -> (artifact id: 'd13c7914d3d28f62822f38b042d50390') in 0.021915 seconds 
========================================================================
Received Import Request.
  Time since last request: 0.000018 seconds.
  path: Assets/Dosenwerfen/Models/ViveController/trackpad_scroll_cut.obj
  artifactKey: Guid(d8c22cd4ae46d8544b70ea43e05943f5) Importer(815301076,1909f56bfc062723c751e8b465ee728b)
Start importing Assets/Dosenwerfen/Models/ViveController/trackpad_scroll_cut.obj using Guid(d8c22cd4ae46d8544b70ea43e05943f5) Importer(815301076,1909f56bfc062723c751e8b465ee728b)  -> (artifact id: '6c3d253478c660fae47f5340c8e4ea7e') in 0.032123 seconds 
========================================================================
Received Import Request.
  Time since last request: 0.000017 seconds.
  path: Assets/Dosenwerfen/Models/ViveController/onepointfive_spec.png
  artifactKey: Guid(494ad5063e2f63945a938b1baf01e253) Importer(815301076,1909f56bfc062723c751e8b465ee728b)
Start importing Assets/Dosenwerfen/Models/ViveController/onepointfive_spec.png using Guid(494ad5063e2f63945a938b1baf01e253) Importer(815301076,1909f56bfc062723c751e8b465ee728b)  -> (artifact id: '322c13b3b6e14c76bc398063c90f96c0') in 0.015421 seconds 
========================================================================
Received Import Request.
  Time since last request: 0.000023 seconds.
  path: Assets/Dosenwerfen/Models/ViveController/led.obj
  artifactKey: Guid(eef66e79490f8164fb4d13d539906067) Importer(815301076,1909f56bfc062723c751e8b465ee728b)
Start importing Assets/Dosenwerfen/Models/ViveController/led.obj using Guid(eef66e79490f8164fb4d13d539906067) Importer(815301076,1909f56bfc062723c751e8b465ee728b)  -> (artifact id: '220464cbcc832bce77c0888ae081275c') in 0.034250 seconds 
