Using pre-set license
Built from '2021.3/staging' branch; Version is '2021.3.3f1 (af2e63e8f9bd) revision 11480675'; Using compiler version '192829333'; Build Type 'Release'
OS: 'Windows 10  (10.0.19044) 64bit Core' Language: 'de' Physical Memory: 32705 MB
BatchMode: 1, IsHumanControllingUs: 0, StartBugReporterOnCrash: 0, Is64bit: 1, IsPro: 1

COMMAND LINE ARGUMENTS:
D:\Unity\2021.3.3f1\Editor\Unity.exe
-adb2
-batchMode
-noUpm
-name
AssetImportWorker1
-projectPath
H:/Studium Faecher Datein/5 Semester/VR/Virtuelle-und-Erweiterte-Realitaet/SnakeVR
-logFile
Logs/AssetImportWorker1.log
-srvPort
52101
Successfully changed project path to: H:/Studium Faecher Datein/5 Semester/VR/Virtuelle-und-Erweiterte-Realitaet/SnakeVR
H:/Studium Faecher Datein/5 Semester/VR/Virtuelle-und-Erweiterte-Realitaet/SnakeVR
[UnityMemory] Configuration Parameters - Can be set up in boot.config
    "memorysetup-bucket-allocator-granularity=16"
    "memorysetup-bucket-allocator-bucket-count=8"
    "memorysetup-bucket-allocator-block-size=33554432"
    "memorysetup-bucket-allocator-block-count=8"
    "memorysetup-main-allocator-block-size=16777216"
    "memorysetup-thread-allocator-block-size=16777216"
    "memorysetup-gfx-main-allocator-block-size=16777216"
    "memorysetup-gfx-thread-allocator-block-size=16777216"
    "memorysetup-cache-allocator-block-size=4194304"
    "memorysetup-typetree-allocator-block-size=2097152"
    "memorysetup-profiler-bucket-allocator-granularity=16"
    "memorysetup-profiler-bucket-allocator-bucket-count=8"
    "memorysetup-profiler-bucket-allocator-block-size=33554432"
    "memorysetup-profiler-bucket-allocator-block-count=8"
    "memorysetup-profiler-allocator-block-size=16777216"
    "memorysetup-profiler-editor-allocator-block-size=1048576"
    "memorysetup-temp-allocator-size-main=16777216"
    "memorysetup-job-temp-allocator-block-size=2097152"
    "memorysetup-job-temp-allocator-block-size-background=1048576"
    "memorysetup-job-temp-allocator-reduction-small-platforms=262144"
    "memorysetup-temp-allocator-size-background-worker=32768"
    "memorysetup-temp-allocator-size-job-worker=262144"
    "memorysetup-temp-allocator-size-preload-manager=33554432"
    "memorysetup-temp-allocator-size-nav-mesh-worker=65536"
    "memorysetup-temp-allocator-size-audio-worker=65536"
    "memorysetup-temp-allocator-size-cloud-worker=32768"
    "memorysetup-temp-allocator-size-gi-baking-worker=262144"
    "memorysetup-temp-allocator-size-gfx=262144"
Refreshing native plugins compatible for Editor in 93.51 ms, found 8 plugins.
Preloading 0 native plugins for Editor in 0.00 ms.
Initialize engine version: 2021.3.3f1 (af2e63e8f9bd)
[Subsystems] Discovering subsystems at path D:/Unity/2021.3.3f1/Editor/Data/Resources/UnitySubsystems
[Subsystems] Discovering subsystems at path H:/Studium Faecher Datein/5 Semester/VR/Virtuelle-und-Erweiterte-Realitaet/SnakeVR/Assets
GfxDevice: creating device client; threaded=0; jobified=0
Direct3D:
    Version:  Direct3D 11.0 [level 11.1]
    Renderer: NVIDIA GeForce GTX 1080 (ID=0x1b80)
    Vendor:   NVIDIA
    VRAM:     8079 MB
    Driver:   31.0.15.1694
Initialize mono
Mono path[0] = 'D:/Unity/2021.3.3f1/Editor/Data/Managed'
Mono path[1] = 'D:/Unity/2021.3.3f1/Editor/Data/MonoBleedingEdge/lib/mono/unityjit-win32'
Mono config path = 'D:/Unity/2021.3.3f1/Editor/Data/MonoBleedingEdge/etc'
Using monoOptions --debugger-agent=transport=dt_socket,embedding=1,server=y,suspend=n,address=127.0.0.1:56320
Begin MonoManager ReloadAssembly
Registering precompiled unity dll's ...
Register platform support module: D:/Unity/2021.3.3f1/Editor/Data/PlaybackEngines/WebGLSupport/UnityEditor.WebGL.Extensions.dll
Register platform support module: D:/Unity/2021.3.3f1/Editor/Data/PlaybackEngines/WindowsStandaloneSupport/UnityEditor.WindowsStandalone.Extensions.dll
Registered in 0.003483 seconds.
Native extension for WindowsStandalone target not found
Native extension for WebGL target not found
Refreshing native plugins compatible for Editor in 86.81 ms, found 8 plugins.
Preloading 0 native plugins for Editor in 0.00 ms.
Mono: successfully reloaded assembly
- Completed reload, in  0.664 seconds
Domain Reload Profiling:
	ReloadAssembly (665ms)
		BeginReloadAssembly (93ms)
			ExecutionOrderSort (0ms)
			DisableScriptedObjects (0ms)
			BackupInstance (0ms)
			ReleaseScriptingObjects (0ms)
			CreateAndSetChildDomain (1ms)
		EndReloadAssembly (468ms)
			LoadAssemblies (93ms)
			RebuildTransferFunctionScriptingTraits (0ms)
			SetupTypeCache (104ms)
			ReleaseScriptCaches (0ms)
			RebuildScriptCaches (29ms)
			SetupLoadedEditorAssemblies (285ms)
				LogAssemblyErrors (0ms)
				InitializePlatformSupportModulesInManaged (9ms)
				SetLoadedEditorAssemblies (0ms)
				RefreshPlugins (87ms)
				BeforeProcessingInitializeOnLoad (1ms)
				ProcessInitializeOnLoadAttributes (140ms)
				ProcessInitializeOnLoadMethodAttributes (47ms)
				AfterProcessingInitializeOnLoad (0ms)
				EditorAssembliesLoaded (0ms)
			ExecutionOrderSort2 (0ms)
			AwakeInstancesAfterBackupRestoration (0ms)
Platform modules already initialized, skipping
Registering precompiled user dll's ...
Registered in 0.011416 seconds.
Begin MonoManager ReloadAssembly
Symbol file LoadedFromMemory doesn't match image H:\Studium Faecher Datein\5 Semester\VR\Virtuelle-und-Erweiterte-Realitaet\SnakeVR\Library\PackageCache\com.unity.visualscripting@1.7.8\Editor\VisualScripting.Core\Dependencies\YamlDotNet\Unity.VisualScripting.YamlDotNet.dll
Symbol file LoadedFromMemory doesn't match image H:\Studium Faecher Datein\5 Semester\VR\Virtuelle-und-Erweiterte-Realitaet\SnakeVR\Library\PackageCache\com.unity.visualscripting@1.7.8\Editor\VisualScripting.Core\Dependencies\DotNetZip\Unity.VisualScripting.IonicZip.dll
Native extension for WindowsStandalone target not found
Native extension for WebGL target not found
Refreshing native plugins compatible for Editor in 93.35 ms, found 8 plugins.
Preloading 0 native plugins for Editor in 0.00 ms.
Package Manager log level set to [2]
Mono: successfully reloaded assembly
- Completed reload, in  1.266 seconds
Domain Reload Profiling:
	ReloadAssembly (1266ms)
		BeginReloadAssembly (127ms)
			ExecutionOrderSort (0ms)
			DisableScriptedObjects (6ms)
			BackupInstance (0ms)
			ReleaseScriptingObjects (0ms)
			CreateAndSetChildDomain (19ms)
		EndReloadAssembly (1030ms)
			LoadAssemblies (108ms)
			RebuildTransferFunctionScriptingTraits (0ms)
			SetupTypeCache (314ms)
			ReleaseScriptCaches (1ms)
			RebuildScriptCaches (56ms)
			SetupLoadedEditorAssemblies (527ms)
				LogAssemblyErrors (0ms)
				InitializePlatformSupportModulesInManaged (4ms)
				SetLoadedEditorAssemblies (0ms)
				RefreshPlugins (93ms)
				BeforeProcessingInitializeOnLoad (97ms)
				ProcessInitializeOnLoadAttributes (302ms)
				ProcessInitializeOnLoadMethodAttributes (28ms)
				AfterProcessingInitializeOnLoad (3ms)
				EditorAssembliesLoaded (0ms)
			ExecutionOrderSort2 (0ms)
			AwakeInstancesAfterBackupRestoration (6ms)
Platform modules already initialized, skipping
========================================================================
Worker process is ready to serve import requests
Launched and connected shader compiler UnityShaderCompiler.exe after 0.06 seconds
Refreshing native plugins compatible for Editor in 1.21 ms, found 8 plugins.
Preloading 0 native plugins for Editor in 0.00 ms.
Unloading 4205 Unused Serialized files (Serialized files now loaded: 0)
Unloading 46 unused Assets / (56.0 KB). Loaded Objects now: 4648.
Memory consumption went from 147.3 MB to 147.2 MB.
Total: 3.101000 ms (FindLiveObjects: 0.311900 ms CreateObjectMapping: 0.244600 ms MarkObjects: 2.472700 ms  DeleteObjects: 0.070900 ms)

AssetImportParameters requested are different than current active one (requested -> active):
  custom:video-decoder-ogg-theora: a1e56fd34408186e4bbccfd4996cb3dc -> 
  custom:container-muxer-webm: aa71ff27fc2769a1b78a27578f13a17b -> 
  custom:container-demuxer-webm: 4f35f7cbe854078d1ac9338744f61a02 -> 
  custom:video-encoder-webm-vp8: eb34c28f22e8b96e1ab97ce403110664 -> 
  custom:audio-encoder-webm-vorbis: bf7c407c2cedff20999df2af8eb42d56 -> 
  custom:framework-win-MediaFoundation: 216162199b28c13a410421893ffa2e32 -> 
  custom:container-demuxer-ogg: 62fdf1f143b41e24485cea50d1cbac27 -> 
  custom:video-decoder-webm-vp8: 9c59270c3fd7afecdb556c50c9e8de78 -> 
  custom:audio-decoder-ogg-vorbis: bf7c407c2cedff20999df2af8eb42d56 -> 
========================================================================
Received Import Request.
  Time since last request: 957545.860886 seconds.
  path: Assets/Blink
  artifactKey: Guid(d3e0060bf6d28ff479f3712e4c69fcaf) Importer(815301076,1909f56bfc062723c751e8b465ee728b)
Start importing Assets/Blink using Guid(d3e0060bf6d28ff479f3712e4c69fcaf) Importer(815301076,1909f56bfc062723c751e8b465ee728b)  -> (artifact id: '6b5efba86c65d58253d996ff4921d29b') in 0.013393 seconds 
========================================================================
Received Import Request.
  Time since last request: 0.000022 seconds.
  path: Assets/Blink/Art/Textures
  artifactKey: Guid(017a24fb30499fd4fabfb573639d0153) Importer(815301076,1909f56bfc062723c751e8b465ee728b)
Start importing Assets/Blink/Art/Textures using Guid(017a24fb30499fd4fabfb573639d0153) Importer(815301076,1909f56bfc062723c751e8b465ee728b)  -> (artifact id: 'e23e89b6e3ea12f493cf5ebefb35d22b') in 0.006294 seconds 
========================================================================
Received Import Request.
  Time since last request: 0.238604 seconds.
  path: Assets/Blink/Art/Textures/StylizedDesertTextures/Sand_1/Sand_1.terrainlayer
  artifactKey: Guid(4319d3f61c29b0643ab12f4350cac55d) Importer(815301076,1909f56bfc062723c751e8b465ee728b)
Start importing Assets/Blink/Art/Textures/StylizedDesertTextures/Sand_1/Sand_1.terrainlayer using Guid(4319d3f61c29b0643ab12f4350cac55d) Importer(815301076,1909f56bfc062723c751e8b465ee728b)  -> (artifact id: '280b961f8f03b2169ef3deaf277be175') in 0.114627 seconds 
========================================================================
Received Import Request.
  Time since last request: 0.000022 seconds.
  path: Assets/Blink/Art/Textures/StylizedDesertTextures/Sand_1/Sand_1_AmbientOcclusion.png
  artifactKey: Guid(78cb7dc87fc63074ba6da439f9e7d574) Importer(815301076,1909f56bfc062723c751e8b465ee728b)
Start importing Assets/Blink/Art/Textures/StylizedDesertTextures/Sand_1/Sand_1_AmbientOcclusion.png using Guid(78cb7dc87fc63074ba6da439f9e7d574) Importer(815301076,1909f56bfc062723c751e8b465ee728b)  -> (artifact id: '67c02ad3d3870e32bb63d75234087ac7') in 0.068039 seconds 
========================================================================
Received Import Request.
  Time since last request: 0.000020 seconds.
  path: Assets/Blink/Art/Textures/StylizedDesertTextures/Sand_1/Sand_1_BaseColor.png
  artifactKey: Guid(6b4e261c39e63234db51459653a84d0a) Importer(815301076,1909f56bfc062723c751e8b465ee728b)
Start importing Assets/Blink/Art/Textures/StylizedDesertTextures/Sand_1/Sand_1_BaseColor.png using Guid(6b4e261c39e63234db51459653a84d0a) Importer(815301076,1909f56bfc062723c751e8b465ee728b)  -> (artifact id: 'acafe3ddf23ebe6d69d6cdee530a9043') in 0.015802 seconds 
========================================================================
Received Import Request.
  Time since last request: 0.000028 seconds.
  path: Assets/Blink/Art/Textures/StylizedDesertTextures/Sand_1/Sand_1_Normal.png
  artifactKey: Guid(302ddbefe653e71408c2c43abfb75d3c) Importer(815301076,1909f56bfc062723c751e8b465ee728b)
Start importing Assets/Blink/Art/Textures/StylizedDesertTextures/Sand_1/Sand_1_Normal.png using Guid(302ddbefe653e71408c2c43abfb75d3c) Importer(815301076,1909f56bfc062723c751e8b465ee728b)  -> (artifact id: '305f3bb83d20ee14e46dcb329ea89c74') in 0.024654 seconds 
========================================================================
Received Import Request.
  Time since last request: 0.000024 seconds.
  path: Assets/Blink/Art/Textures/StylizedDesertTextures/Sand_1/Sand_1_Height.png
  artifactKey: Guid(ab1f68fd9b74d874fa4bdc139b42b540) Importer(815301076,1909f56bfc062723c751e8b465ee728b)
Start importing Assets/Blink/Art/Textures/StylizedDesertTextures/Sand_1/Sand_1_Height.png using Guid(ab1f68fd9b74d874fa4bdc139b42b540) Importer(815301076,1909f56bfc062723c751e8b465ee728b)  -> (artifact id: '2d9942386c53ae1f80c7e92946d0f64b') in 0.017517 seconds 
========================================================================
Received Import Request.
  Time since last request: 0.000024 seconds.
  path: Assets/Blink/Art/Textures/StylizedDesertTextures/Sand_1/Sand_1_Roughness.png
  artifactKey: Guid(8d31fec5a17b19f47a1604a1d00f562a) Importer(815301076,1909f56bfc062723c751e8b465ee728b)
Start importing Assets/Blink/Art/Textures/StylizedDesertTextures/Sand_1/Sand_1_Roughness.png using Guid(8d31fec5a17b19f47a1604a1d00f562a) Importer(815301076,1909f56bfc062723c751e8b465ee728b)  -> (artifact id: 'a8599beaf17dddb4977a1b6096966b8b') in 0.016373 seconds 
========================================================================
Received Import Request.
  Time since last request: 13.736397 seconds.
  path: Assets/Blink/Art/Textures/StylizedLavaTextures/Rock_Ground_Cliff_1/Rock_Ground_Cliff_1.terrainlayer
  artifactKey: Guid(d03202bc164da2c4f935241fc42dbffa) Importer(815301076,1909f56bfc062723c751e8b465ee728b)
Start importing Assets/Blink/Art/Textures/StylizedLavaTextures/Rock_Ground_Cliff_1/Rock_Ground_Cliff_1.terrainlayer using Guid(d03202bc164da2c4f935241fc42dbffa) Importer(815301076,1909f56bfc062723c751e8b465ee728b)  -> (artifact id: '0eaabf15f6bcce999b5611ff82263c2a') in 0.033848 seconds 
========================================================================
Received Import Request.
  Time since last request: 0.000023 seconds.
  path: Assets/Blink/Art/Textures/StylizedLavaTextures/Rock_Ground_Cliff_1/Rock_Ground_Cliff_1_Normal.png
  artifactKey: Guid(c4e78757e32cc8d4480c0e97328f3740) Importer(815301076,1909f56bfc062723c751e8b465ee728b)
Start importing Assets/Blink/Art/Textures/StylizedLavaTextures/Rock_Ground_Cliff_1/Rock_Ground_Cliff_1_Normal.png using Guid(c4e78757e32cc8d4480c0e97328f3740) Importer(815301076,1909f56bfc062723c751e8b465ee728b)  -> (artifact id: '3fdc31d2f0f971fa1d0e17133fa84ad5') in 0.029755 seconds 
========================================================================
Received Import Request.
  Time since last request: 0.000023 seconds.
  path: Assets/Blink/Art/Textures/StylizedLavaTextures/Rock_Ground_Cliff_1/Rock_Ground_Cliff_1_AmbientOcclusion.png
  artifactKey: Guid(9edcfeba3ab351f43997afcb294a948a) Importer(815301076,1909f56bfc062723c751e8b465ee728b)
Start importing Assets/Blink/Art/Textures/StylizedLavaTextures/Rock_Ground_Cliff_1/Rock_Ground_Cliff_1_AmbientOcclusion.png using Guid(9edcfeba3ab351f43997afcb294a948a) Importer(815301076,1909f56bfc062723c751e8b465ee728b)  -> (artifact id: '6713a0c361c24d22983b61f15e81a345') in 0.027952 seconds 
========================================================================
Received Import Request.
  Time since last request: 0.000022 seconds.
  path: Assets/Blink/Art/Textures/StylizedLavaTextures/Rock_Ground_Cliff_1/Rock_Ground_Cliff_1_Roughness.png
  artifactKey: Guid(f386abe775e9a57459e8aeba11ad0fe8) Importer(815301076,1909f56bfc062723c751e8b465ee728b)
Start importing Assets/Blink/Art/Textures/StylizedLavaTextures/Rock_Ground_Cliff_1/Rock_Ground_Cliff_1_Roughness.png using Guid(f386abe775e9a57459e8aeba11ad0fe8) Importer(815301076,1909f56bfc062723c751e8b465ee728b)  -> (artifact id: 'a213cbfabe1695723bd2156ff9b10d88') in 0.023989 seconds 
========================================================================
Received Import Request.
  Time since last request: 0.000027 seconds.
  path: Assets/Blink/Art/Textures/StylizedLavaTextures/Rock_Ground_Cliff_1/Rock_Ground_Cliff_1_Emissive.png
  artifactKey: Guid(5f891bae67f7d304d9a61acaa881a263) Importer(815301076,1909f56bfc062723c751e8b465ee728b)
Start importing Assets/Blink/Art/Textures/StylizedLavaTextures/Rock_Ground_Cliff_1/Rock_Ground_Cliff_1_Emissive.png using Guid(5f891bae67f7d304d9a61acaa881a263) Importer(815301076,1909f56bfc062723c751e8b465ee728b)  -> (artifact id: '34f95d9e05cc8787ea8fece3294b000e') in 0.022283 seconds 
========================================================================
Received Import Request.
  Time since last request: 0.000019 seconds.
  path: Assets/Blink/Art/Textures/StylizedLavaTextures/Rock_Ground_Cliff_1/Rock_Ground_Cliff_1_Height.png
  artifactKey: Guid(b3085d568386ce146bb165bc91306590) Importer(815301076,1909f56bfc062723c751e8b465ee728b)
Start importing Assets/Blink/Art/Textures/StylizedLavaTextures/Rock_Ground_Cliff_1/Rock_Ground_Cliff_1_Height.png using Guid(b3085d568386ce146bb165bc91306590) Importer(815301076,1909f56bfc062723c751e8b465ee728b)  -> (artifact id: '8de65e04836b2d5f07ddd10d17d3e543') in 0.019864 seconds 
========================================================================
Received Import Request.
  Time since last request: 0.000021 seconds.
  path: Assets/Blink/Art/Textures/StylizedLavaTextures/Rock_Ground_Cliff_1/Rock_Ground_Cliff_1_BaseColor.png
  artifactKey: Guid(7f00d79e8f56b1b47b2b2f34c1d22cf6) Importer(815301076,1909f56bfc062723c751e8b465ee728b)
Start importing Assets/Blink/Art/Textures/StylizedLavaTextures/Rock_Ground_Cliff_1/Rock_Ground_Cliff_1_BaseColor.png using Guid(7f00d79e8f56b1b47b2b2f34c1d22cf6) Importer(815301076,1909f56bfc062723c751e8b465ee728b)  -> (artifact id: 'bcc2289f13a30546e1593c34871fe2ab') in 0.022385 seconds 
========================================================================
Received Import Request.
  Time since last request: 10.526152 seconds.
  path: Assets/Blink/Art/Textures/StylizedDesertTextures/Rocks_1_Sand_3/Rock_1_Sand_3.mat
  artifactKey: Guid(ce3f0d46186f9384ab5a022a44a4082e) Importer(815301076,1909f56bfc062723c751e8b465ee728b)
Start importing Assets/Blink/Art/Textures/StylizedDesertTextures/Rocks_1_Sand_3/Rock_1_Sand_3.mat using Guid(ce3f0d46186f9384ab5a022a44a4082e) Importer(815301076,1909f56bfc062723c751e8b465ee728b)  -> (artifact id: '451ddbbf21a78411faea95ac5c329ee2') in 0.275017 seconds 
========================================================================
Received Import Request.
  Time since last request: 8.566753 seconds.
  path: Assets/Blink/Art/Textures/StylizedForestTextures/Cliff_3/Cliff_3.terrainlayer
  artifactKey: Guid(34a79d5876d83b24297c3d9a7bb7370b) Importer(815301076,1909f56bfc062723c751e8b465ee728b)
Start importing Assets/Blink/Art/Textures/StylizedForestTextures/Cliff_3/Cliff_3.terrainlayer using Guid(34a79d5876d83b24297c3d9a7bb7370b) Importer(815301076,1909f56bfc062723c751e8b465ee728b)  -> (artifact id: 'd1a49b511d5377fc48896afaa9b6ed3f') in 0.018676 seconds 
========================================================================
Received Import Request.
  Time since last request: 0.000016 seconds.
  path: Assets/Blink/Art/Textures/StylizedForestTextures/Cliff_3/Cliff_3_BaseColor.png
  artifactKey: Guid(91e362541b37fe947a8296386e22344f) Importer(815301076,1909f56bfc062723c751e8b465ee728b)
Start importing Assets/Blink/Art/Textures/StylizedForestTextures/Cliff_3/Cliff_3_BaseColor.png using Guid(91e362541b37fe947a8296386e22344f) Importer(815301076,1909f56bfc062723c751e8b465ee728b)  -> (artifact id: '03c9ed08ce627916a1da7b2b959786ae') in 0.016426 seconds 
========================================================================
Received Import Request.
  Time since last request: 0.000025 seconds.
  path: Assets/Blink/Art/Textures/StylizedForestTextures/Cliff_3/Cliff_3_AmbientOcclusion.png
  artifactKey: Guid(120a30f02d4a4654e8aa69ccabedeb3d) Importer(815301076,1909f56bfc062723c751e8b465ee728b)
Start importing Assets/Blink/Art/Textures/StylizedForestTextures/Cliff_3/Cliff_3_AmbientOcclusion.png using Guid(120a30f02d4a4654e8aa69ccabedeb3d) Importer(815301076,1909f56bfc062723c751e8b465ee728b)  -> (artifact id: '97ca31ef748b65cf4e3d1ebd6552d4b9') in 0.016669 seconds 
========================================================================
Received Import Request.
  Time since last request: 0.000028 seconds.
  path: Assets/Blink/Art/Textures/StylizedForestTextures/Cliff_3/Cliff_3_Roughness.png
  artifactKey: Guid(1446785b5ae3f274eb68fa98f44389d8) Importer(815301076,1909f56bfc062723c751e8b465ee728b)
Start importing Assets/Blink/Art/Textures/StylizedForestTextures/Cliff_3/Cliff_3_Roughness.png using Guid(1446785b5ae3f274eb68fa98f44389d8) Importer(815301076,1909f56bfc062723c751e8b465ee728b)  -> (artifact id: '37933061fcf2f1c9f9d15ac7f57bc9f3') in 0.015485 seconds 
========================================================================
Received Import Request.
  Time since last request: 84.230603 seconds.
  path: Assets/Dosenwerfen/Models/ViveController/button.obj
  artifactKey: Guid(21911584cd869164ab014f27e099ab71) Importer(815301076,1909f56bfc062723c751e8b465ee728b)
Start importing Assets/Dosenwerfen/Models/ViveController/button.obj using Guid(21911584cd869164ab014f27e099ab71) Importer(815301076,1909f56bfc062723c751e8b465ee728b)  -> (artifact id: '29b3cb64dfaeee0931d33603fd6c85e3') in 0.063351 seconds 
========================================================================
Received Import Request.
  Time since last request: 0.000017 seconds.
  path: Assets/Dosenwerfen/Models/ViveController/l_grip.obj
  artifactKey: Guid(810db00984af0e645bffad1e161bf1e0) Importer(815301076,1909f56bfc062723c751e8b465ee728b)
Start importing Assets/Dosenwerfen/Models/ViveController/l_grip.obj using Guid(810db00984af0e645bffad1e161bf1e0) Importer(815301076,1909f56bfc062723c751e8b465ee728b)  -> (artifact id: 'f83cd41bda16903bc6fd1ab902adc9e7') in 0.032799 seconds 
========================================================================
Received Import Request.
  Time since last request: 0.000018 seconds.
  path: Assets/Dosenwerfen/Models/ViveController/vr_controller_vive_1_5.obj
  artifactKey: Guid(03a7da9760c402247b097d395788b043) Importer(815301076,1909f56bfc062723c751e8b465ee728b)
Start importing Assets/Dosenwerfen/Models/ViveController/vr_controller_vive_1_5.obj using Guid(03a7da9760c402247b097d395788b043) Importer(815301076,1909f56bfc062723c751e8b465ee728b)  -> (artifact id: '77f4067585f9919b80e8177d998d1341') in 0.032704 seconds 
========================================================================
Received Import Request.
  Time since last request: 0.000026 seconds.
  path: Assets/Dosenwerfen/Models/ViveController/trackpad.obj
  artifactKey: Guid(279f3d6db2768b04ba00f9be7f7bc5d2) Importer(815301076,1909f56bfc062723c751e8b465ee728b)
Start importing Assets/Dosenwerfen/Models/ViveController/trackpad.obj using Guid(279f3d6db2768b04ba00f9be7f7bc5d2) Importer(815301076,1909f56bfc062723c751e8b465ee728b)  -> (artifact id: 'f7743bd515ec8c3aaf91ab34b6e2bdd5') in 0.030607 seconds 
========================================================================
Received Import Request.
  Time since last request: 0.000033 seconds.
  path: Assets/Dosenwerfen/Models/ViveController/sys_button.obj
  artifactKey: Guid(83d9727388f41d84da503352cf4ae75f) Importer(815301076,1909f56bfc062723c751e8b465ee728b)
Start importing Assets/Dosenwerfen/Models/ViveController/sys_button.obj using Guid(83d9727388f41d84da503352cf4ae75f) Importer(815301076,1909f56bfc062723c751e8b465ee728b)  -> (artifact id: 'd9ed4718f15ebb0af1f16e5ccd9e0bda') in 0.032509 seconds 
========================================================================
Received Import Request.
  Time since last request: 0.000019 seconds.
  path: Assets/Dosenwerfen/Models/ViveController/status.obj
  artifactKey: Guid(fb71f09acfcb6724880579445d6ae744) Importer(815301076,1909f56bfc062723c751e8b465ee728b)
Start importing Assets/Dosenwerfen/Models/ViveController/status.obj using Guid(fb71f09acfcb6724880579445d6ae744) Importer(815301076,1909f56bfc062723c751e8b465ee728b)  -> (artifact id: '4548a7539688691e23647909e409e5bb') in 0.028530 seconds 
========================================================================
Received Import Request.
  Time since last request: 0.000018 seconds.
  path: Assets/Dosenwerfen/Models/ViveController/trackpad_touch.obj
  artifactKey: Guid(be3ed4191a776ab4ab85232a3c1a74ea) Importer(815301076,1909f56bfc062723c751e8b465ee728b)
Start importing Assets/Dosenwerfen/Models/ViveController/trackpad_touch.obj using Guid(be3ed4191a776ab4ab85232a3c1a74ea) Importer(815301076,1909f56bfc062723c751e8b465ee728b)  -> (artifact id: 'ee852627b7e8e62335435fbdf694556d') in 0.031847 seconds 
========================================================================
Received Import Request.
  Time since last request: 0.000021 seconds.
  path: Assets/Dosenwerfen/Models/ViveController/trigger.obj
  artifactKey: Guid(4078ce2836198714db00ef083e6f5f2d) Importer(815301076,1909f56bfc062723c751e8b465ee728b)
Start importing Assets/Dosenwerfen/Models/ViveController/trigger.obj using Guid(4078ce2836198714db00ef083e6f5f2d) Importer(815301076,1909f56bfc062723c751e8b465ee728b)  -> (artifact id: 'b1a41c93322c1782e14dbc5f75605468') in 0.033748 seconds 
========================================================================
Received Import Request.
  Time since last request: 0.000019 seconds.
  path: Assets/Dosenwerfen/Models/ViveController/body.mtl
  artifactKey: Guid(9e6a160d734b66240bc3082f7d7107b2) Importer(815301076,1909f56bfc062723c751e8b465ee728b)
Start importing Assets/Dosenwerfen/Models/ViveController/body.mtl using Guid(9e6a160d734b66240bc3082f7d7107b2) Importer(815301076,1909f56bfc062723c751e8b465ee728b)  -> (artifact id: 'f34f88a91c56e81e30c1486b88b3b6c6') in 0.006202 seconds 
