Using pre-set license
Built from '2021.3/staging' branch; Version is '2021.3.3f1 (af2e63e8f9bd) revision 11480675'; Using compiler version '192829333'; Build Type 'Release'
OS: 'Windows 10  (10.0.19044) 64bit Core' Language: 'de' Physical Memory: 32705 MB
BatchMode: 1, IsHumanControllingUs: 0, StartBugReporterOnCrash: 0, Is64bit: 1, IsPro: 1

COMMAND LINE ARGUMENTS:
D:\Unity\2021.3.3f1\Editor\Unity.exe
-adb2
-batchMode
-noUpm
-name
AssetImportWorker1
-projectPath
H:/Studium Faecher Datein/5 Semester/VR/Virtuelle-und-Erweiterte-Realitaet/SnakeVR
-logFile
Logs/AssetImportWorker1.log
-srvPort
51521
Successfully changed project path to: H:/Studium Faecher Datein/5 Semester/VR/Virtuelle-und-Erweiterte-Realitaet/SnakeVR
H:/Studium Faecher Datein/5 Semester/VR/Virtuelle-und-Erweiterte-Realitaet/SnakeVR
[UnityMemory] Configuration Parameters - Can be set up in boot.config
    "memorysetup-bucket-allocator-granularity=16"
    "memorysetup-bucket-allocator-bucket-count=8"
    "memorysetup-bucket-allocator-block-size=33554432"
    "memorysetup-bucket-allocator-block-count=8"
    "memorysetup-main-allocator-block-size=16777216"
    "memorysetup-thread-allocator-block-size=16777216"
    "memorysetup-gfx-main-allocator-block-size=16777216"
    "memorysetup-gfx-thread-allocator-block-size=16777216"
    "memorysetup-cache-allocator-block-size=4194304"
    "memorysetup-typetree-allocator-block-size=2097152"
    "memorysetup-profiler-bucket-allocator-granularity=16"
    "memorysetup-profiler-bucket-allocator-bucket-count=8"
    "memorysetup-profiler-bucket-allocator-block-size=33554432"
    "memorysetup-profiler-bucket-allocator-block-count=8"
    "memorysetup-profiler-allocator-block-size=16777216"
    "memorysetup-profiler-editor-allocator-block-size=1048576"
    "memorysetup-temp-allocator-size-main=16777216"
    "memorysetup-job-temp-allocator-block-size=2097152"
    "memorysetup-job-temp-allocator-block-size-background=1048576"
    "memorysetup-job-temp-allocator-reduction-small-platforms=262144"
    "memorysetup-temp-allocator-size-background-worker=32768"
    "memorysetup-temp-allocator-size-job-worker=262144"
    "memorysetup-temp-allocator-size-preload-manager=33554432"
    "memorysetup-temp-allocator-size-nav-mesh-worker=65536"
    "memorysetup-temp-allocator-size-audio-worker=65536"
    "memorysetup-temp-allocator-size-cloud-worker=32768"
    "memorysetup-temp-allocator-size-gi-baking-worker=262144"
    "memorysetup-temp-allocator-size-gfx=262144"
Refreshing native plugins compatible for Editor in 91.58 ms, found 8 plugins.
Preloading 0 native plugins for Editor in 0.00 ms.
Initialize engine version: 2021.3.3f1 (af2e63e8f9bd)
[Subsystems] Discovering subsystems at path D:/Unity/2021.3.3f1/Editor/Data/Resources/UnitySubsystems
[Subsystems] Discovering subsystems at path H:/Studium Faecher Datein/5 Semester/VR/Virtuelle-und-Erweiterte-Realitaet/SnakeVR/Assets
GfxDevice: creating device client; threaded=0; jobified=0
Direct3D:
    Version:  Direct3D 11.0 [level 11.1]
    Renderer: NVIDIA GeForce GTX 1080 (ID=0x1b80)
    Vendor:   NVIDIA
    VRAM:     8079 MB
    Driver:   31.0.15.1694
Initialize mono
Mono path[0] = 'D:/Unity/2021.3.3f1/Editor/Data/Managed'
Mono path[1] = 'D:/Unity/2021.3.3f1/Editor/Data/MonoBleedingEdge/lib/mono/unityjit-win32'
Mono config path = 'D:/Unity/2021.3.3f1/Editor/Data/MonoBleedingEdge/etc'
Using monoOptions --debugger-agent=transport=dt_socket,embedding=1,server=y,suspend=n,address=127.0.0.1:56468
Begin MonoManager ReloadAssembly
Registering precompiled unity dll's ...
Register platform support module: D:/Unity/2021.3.3f1/Editor/Data/PlaybackEngines/WebGLSupport/UnityEditor.WebGL.Extensions.dll
Register platform support module: D:/Unity/2021.3.3f1/Editor/Data/PlaybackEngines/WindowsStandaloneSupport/UnityEditor.WindowsStandalone.Extensions.dll
Registered in 0.003637 seconds.
Native extension for WindowsStandalone target not found
Native extension for WebGL target not found
Refreshing native plugins compatible for Editor in 88.18 ms, found 8 plugins.
Preloading 0 native plugins for Editor in 0.00 ms.
Mono: successfully reloaded assembly
- Completed reload, in  0.687 seconds
Domain Reload Profiling:
	ReloadAssembly (687ms)
		BeginReloadAssembly (96ms)
			ExecutionOrderSort (0ms)
			DisableScriptedObjects (0ms)
			BackupInstance (0ms)
			ReleaseScriptingObjects (0ms)
			CreateAndSetChildDomain (1ms)
		EndReloadAssembly (486ms)
			LoadAssemblies (95ms)
			RebuildTransferFunctionScriptingTraits (0ms)
			SetupTypeCache (113ms)
			ReleaseScriptCaches (0ms)
			RebuildScriptCaches (28ms)
			SetupLoadedEditorAssemblies (297ms)
				LogAssemblyErrors (0ms)
				InitializePlatformSupportModulesInManaged (7ms)
				SetLoadedEditorAssemblies (0ms)
				RefreshPlugins (88ms)
				BeforeProcessingInitializeOnLoad (1ms)
				ProcessInitializeOnLoadAttributes (146ms)
				ProcessInitializeOnLoadMethodAttributes (53ms)
				AfterProcessingInitializeOnLoad (0ms)
				EditorAssembliesLoaded (0ms)
			ExecutionOrderSort2 (0ms)
			AwakeInstancesAfterBackupRestoration (0ms)
Platform modules already initialized, skipping
Registering precompiled user dll's ...
Registered in 0.011871 seconds.
Begin MonoManager ReloadAssembly
Symbol file LoadedFromMemory doesn't match image H:\Studium Faecher Datein\5 Semester\VR\Virtuelle-und-Erweiterte-Realitaet\SnakeVR\Library\PackageCache\com.unity.visualscripting@1.7.8\Editor\VisualScripting.Core\Dependencies\YamlDotNet\Unity.VisualScripting.YamlDotNet.dll
Symbol file LoadedFromMemory doesn't match image H:\Studium Faecher Datein\5 Semester\VR\Virtuelle-und-Erweiterte-Realitaet\SnakeVR\Library\PackageCache\com.unity.visualscripting@1.7.8\Editor\VisualScripting.Core\Dependencies\DotNetZip\Unity.VisualScripting.IonicZip.dll
Native extension for WindowsStandalone target not found
Native extension for WebGL target not found
Refreshing native plugins compatible for Editor in 93.50 ms, found 8 plugins.
Preloading 0 native plugins for Editor in 0.00 ms.
Package Manager log level set to [2]
Mono: successfully reloaded assembly
- Completed reload, in  1.272 seconds
Domain Reload Profiling:
	ReloadAssembly (1273ms)
		BeginReloadAssembly (136ms)
			ExecutionOrderSort (0ms)
			DisableScriptedObjects (6ms)
			BackupInstance (0ms)
			ReleaseScriptingObjects (0ms)
			CreateAndSetChildDomain (18ms)
		EndReloadAssembly (1031ms)
			LoadAssemblies (120ms)
			RebuildTransferFunctionScriptingTraits (0ms)
			SetupTypeCache (285ms)
			ReleaseScriptCaches (1ms)
			RebuildScriptCaches (66ms)
			SetupLoadedEditorAssemblies (533ms)
				LogAssemblyErrors (0ms)
				InitializePlatformSupportModulesInManaged (4ms)
				SetLoadedEditorAssemblies (0ms)
				RefreshPlugins (94ms)
				BeforeProcessingInitializeOnLoad (106ms)
				ProcessInitializeOnLoadAttributes (295ms)
				ProcessInitializeOnLoadMethodAttributes (31ms)
				AfterProcessingInitializeOnLoad (3ms)
				EditorAssembliesLoaded (0ms)
			ExecutionOrderSort2 (0ms)
			AwakeInstancesAfterBackupRestoration (6ms)
Platform modules already initialized, skipping
========================================================================
Worker process is ready to serve import requests
Launched and connected shader compiler UnityShaderCompiler.exe after 0.06 seconds
Refreshing native plugins compatible for Editor in 1.00 ms, found 8 plugins.
Preloading 0 native plugins for Editor in 0.00 ms.
Unloading 4205 Unused Serialized files (Serialized files now loaded: 0)
Unloading 46 unused Assets / (56.0 KB). Loaded Objects now: 4648.
Memory consumption went from 147.2 MB to 147.2 MB.
Total: 3.672000 ms (FindLiveObjects: 0.324200 ms CreateObjectMapping: 0.281800 ms MarkObjects: 2.983700 ms  DeleteObjects: 0.081400 ms)

AssetImportParameters requested are different than current active one (requested -> active):
  custom:video-decoder-ogg-theora: a1e56fd34408186e4bbccfd4996cb3dc -> 
  custom:container-muxer-webm: aa71ff27fc2769a1b78a27578f13a17b -> 
  custom:container-demuxer-webm: 4f35f7cbe854078d1ac9338744f61a02 -> 
  custom:video-encoder-webm-vp8: eb34c28f22e8b96e1ab97ce403110664 -> 
  custom:audio-encoder-webm-vorbis: bf7c407c2cedff20999df2af8eb42d56 -> 
  custom:framework-win-MediaFoundation: 216162199b28c13a410421893ffa2e32 -> 
  custom:container-demuxer-ogg: 62fdf1f143b41e24485cea50d1cbac27 -> 
  custom:video-decoder-webm-vp8: 9c59270c3fd7afecdb556c50c9e8de78 -> 
  custom:audio-decoder-ogg-vorbis: bf7c407c2cedff20999df2af8eb42d56 -> 
========================================================================
Received Import Request.
  Time since last request: 956676.253325 seconds.
  path: Assets/Dosenwerfen
  artifactKey: Guid(21b69c356b4951045bb89a1262d705ee) Importer(815301076,1909f56bfc062723c751e8b465ee728b)
Start importing Assets/Dosenwerfen using Guid(21b69c356b4951045bb89a1262d705ee) Importer(815301076,1909f56bfc062723c751e8b465ee728b)  -> (artifact id: '1715792198ef445fb200e5d76fc76a43') in 0.023475 seconds 
========================================================================
Received Import Request.
  Time since last request: 0.285157 seconds.
  path: Assets/Dosenwerfen/Prefabs/Ball.prefab
  artifactKey: Guid(ad471199c6add0e479fdbb1cfe4f0785) Importer(815301076,1909f56bfc062723c751e8b465ee728b)
Start importing Assets/Dosenwerfen/Prefabs/Ball.prefab using Guid(ad471199c6add0e479fdbb1cfe4f0785) Importer(815301076,1909f56bfc062723c751e8b465ee728b)  -> (artifact id: '446e72436a0e043e538970311bc15da7') in 0.324196 seconds 
========================================================================
Received Import Request.
  Time since last request: 0.000022 seconds.
  path: Assets/Dosenwerfen/Prefabs/HandSphere.prefab
  artifactKey: Guid(7afc2bcc9ad8eda42bd00bf7b12d0650) Importer(815301076,1909f56bfc062723c751e8b465ee728b)
Start importing Assets/Dosenwerfen/Prefabs/HandSphere.prefab using Guid(7afc2bcc9ad8eda42bd00bf7b12d0650) Importer(815301076,1909f56bfc062723c751e8b465ee728b)  -> (artifact id: '250e671bc4476e30bcf94afa35b27331') in 0.016092 seconds 
========================================================================
Received Import Request.
  Time since last request: 0.000027 seconds.
  path: Assets/Dosenwerfen/Prefabs/Table.prefab
  artifactKey: Guid(ef9ebf0b2538c6345ad71f1f136af927) Importer(815301076,1909f56bfc062723c751e8b465ee728b)
Start importing Assets/Dosenwerfen/Prefabs/Table.prefab using Guid(ef9ebf0b2538c6345ad71f1f136af927) Importer(815301076,1909f56bfc062723c751e8b465ee728b)  -> (artifact id: 'b2199ef4708544d90efd9b08650d7f3f') in 0.232592 seconds 
========================================================================
Received Import Request.
  Time since last request: 2.874491 seconds.
  path: Assets/Dosenwerfen/Models/Table.fbx
  artifactKey: Guid(ea00c1ba2d4727042a8c6fee485f8b4b) Importer(815301076,1909f56bfc062723c751e8b465ee728b)
Start importing Assets/Dosenwerfen/Models/Table.fbx using Guid(ea00c1ba2d4727042a8c6fee485f8b4b) Importer(815301076,1909f56bfc062723c751e8b465ee728b)  -> (artifact id: '29e864691425470900e940144bcab645') in 0.175466 seconds 
========================================================================
Received Import Request.
  Time since last request: 213.063169 seconds.
  path: Assets/Dosenwerfen/Materials/Can.mat
  artifactKey: Guid(d0ae2658a5c67c54c86fc44c588f29b6) Importer(815301076,1909f56bfc062723c751e8b465ee728b)
Start importing Assets/Dosenwerfen/Materials/Can.mat using Guid(d0ae2658a5c67c54c86fc44c588f29b6) Importer(815301076,1909f56bfc062723c751e8b465ee728b)  -> (artifact id: '80017efde1fb4e62ab2e1ececfcc0534') in 0.098222 seconds 
========================================================================
Received Import Request.
  Time since last request: 0.000029 seconds.
  path: Assets/Dosenwerfen/Materials/Table.mat
  artifactKey: Guid(5754158cd9467c4408ea2fe7f632864c) Importer(815301076,1909f56bfc062723c751e8b465ee728b)
Start importing Assets/Dosenwerfen/Materials/Table.mat using Guid(5754158cd9467c4408ea2fe7f632864c) Importer(815301076,1909f56bfc062723c751e8b465ee728b)  -> (artifact id: '61e5588064ef5514856aad8dc1dca615') in 0.014506 seconds 
